INFO: [VRFC 10-2263] Analyzing Verilog file "D:/FPGA/Lab2/Lab2.srcs/sources_1/new/lcd162_st.v" into library xil_defaultlib
INFO: [VRFC 10-311] analyzing module lcd162_st
INFO: [VRFC 10-2263] Analyzing Verilog file "C:/Users/Tomka/Desktop/something/qwatrix69/qwatrix69.srcs/sources_1/new/main.v" into library xil_defaultlib
INFO: [VRFC 10-311] analyzing module main
INFO: [VRFC 10-2458] undeclared symbol CLKOUT0B, assumed default net type wire [C:/Users/Tomka/Desktop/something/qwatrix69/qwatrix69.srcs/sources_1/new/main.v:71]
INFO: [VRFC 10-2458] undeclared symbol CLKOUT1, assumed default net type wire [C:/Users/Tomka/Desktop/something/qwatrix69/qwatrix69.srcs/sources_1/new/main.v:72]
INFO: [VRFC 10-2458] undeclared symbol CLKOUT1B, assumed default net type wire [C:/Users/Tomka/Desktop/something/qwatrix69/qwatrix69.srcs/sources_1/new/main.v:73]
INFO: [VRFC 10-2458] undeclared symbol CLKOUT2, assumed default net type wire [C:/Users/Tomka/Desktop/something/qwatrix69/qwatrix69.srcs/sources_1/new/main.v:74]
INFO: [VRFC 10-2458] undeclared symbol CLKOUT2B, assumed default net type wire [C:/Users/Tomka/Desktop/something/qwatrix69/qwatrix69.srcs/sources_1/new/main.v:75]
INFO: [VRFC 10-2458] undeclared symbol CLKOUT3, assumed default net type wire [C:/Users/Tomka/Desktop/something/qwatrix69/qwatrix69.srcs/sources_1/new/main.v:76]
INFO: [VRFC 10-2458] undeclared symbol CLKOUT3B, assumed default net type wire [C:/Users/Tomka/Desktop/something/qwatrix69/qwatrix69.srcs/sources_1/new/main.v:77]
INFO: [VRFC 10-2458] undeclared symbol CLKOUT4, assumed default net type wire [C:/Users/Tomka/Desktop/something/qwatrix69/qwatrix69.srcs/sources_1/new/main.v:78]
INFO: [VRFC 10-2458] undeclared symbol CLKOUT5, assumed default net type wire [C:/Users/Tomka/Desktop/something/qwatrix69/qwatrix69.srcs/sources_1/new/main.v:79]
INFO: [VRFC 10-2458] undeclared symbol CLKOUT6, assumed default net type wire [C:/Users/Tomka/Desktop/something/qwatrix69/qwatrix69.srcs/sources_1/new/main.v:80]
INFO: [VRFC 10-2458] undeclared symbol CLKFBOUT, assumed default net type wire [C:/Users/Tomka/Desktop/something/qwatrix69/qwatrix69.srcs/sources_1/new/main.v:82]
INFO: [VRFC 10-2458] undeclared symbol CLKFBOUTB, assumed default net type wire [C:/Users/Tomka/Desktop/something/qwatrix69/qwatrix69.srcs/sources_1/new/main.v:83]
INFO: [VRFC 10-2458] undeclared symbol LOCKED, assumed default net type wire [C:/Users/Tomka/Desktop/something/qwatrix69/qwatrix69.srcs/sources_1/new/main.v:85]
INFO: [VRFC 10-311] analyzing module counter
INFO: [VRFC 10-311] analyzing module main_lab1
INFO: [VRFC 10-311] analyzing module debounce
INFO: [VRFC 10-311] analyzing module fsm
INFO: [VRFC 10-311] analyzing module lcd162_text
INFO: [VRFC 10-2263] Analyzing Verilog file "C:/Users/Tomka/Desktop/something/qwatrix69/qwatrix69.srcs/sim_1/new/TB.v" into library xil_defaultlib
INFO: [VRFC 10-311] analyzing module TB
